{"C:\\Users\\NEURI\\Desktop\\api-ProG\\src\\server\\Server.ts": {"path":"C:\\Users\\NEURI\\Desktop\\api-ProG\\src\\server\\Server.ts","all":false,"statementMap":{"0":{"start":{"line":1,"column":0},"end":{"line":1,"column":30}},"1":{"start":{"line":2,"column":0},"end":{"line":2,"column":34}},"2":{"start":{"line":3,"column":0},"end":{"line":3,"column":23}},"3":{"start":{"line":4,"column":0},"end":{"line":4,"column":0}},"4":{"start":{"line":5,"column":0},"end":{"line":5,"column":25}},"5":{"start":{"line":6,"column":0},"end":{"line":6,"column":0}},"6":{"start":{"line":7,"column":0},"end":{"line":7,"column":27}},"7":{"start":{"line":8,"column":0},"end":{"line":8,"column":19}},"8":{"start":{"line":9,"column":0},"end":{"line":9,"column":0}},"9":{"start":{"line":10,"column":0},"end":{"line":10,"column":0}},"10":{"start":{"line":11,"column":0},"end":{"line":11,"column":18}}},"s":{"0":1,"1":1,"2":1,"3":1,"4":1,"5":1,"6":1,"7":1,"8":1,"9":1,"10":1},"branchMap":{},"b":{},"fnMap":{},"f":{}}
,"C:\\Users\\NEURI\\Desktop\\api-ProG\\src\\server\\controllers\\index.ts": {"path":"C:\\Users\\NEURI\\Desktop\\api-ProG\\src\\server\\controllers\\index.ts","all":false,"statementMap":{"0":{"start":{"line":1,"column":0},"end":{"line":1,"column":27}},"1":{"start":{"line":2,"column":0},"end":{"line":2,"column":27}}},"s":{"0":1,"1":1},"branchMap":{},"b":{},"fnMap":{},"f":{}}
,"C:\\Users\\NEURI\\Desktop\\api-ProG\\src\\server\\controllers\\projetos\\Create.ts": {"path":"C:\\Users\\NEURI\\Desktop\\api-ProG\\src\\server\\controllers\\projetos\\Create.ts","all":false,"statementMap":{"0":{"start":{"line":1,"column":0},"end":{"line":1,"column":44}},"1":{"start":{"line":2,"column":0},"end":{"line":2,"column":48}},"2":{"start":{"line":3,"column":0},"end":{"line":3,"column":22}},"3":{"start":{"line":4,"column":0},"end":{"line":4,"column":82}},"4":{"start":{"line":5,"column":0},"end":{"line":5,"column":69}},"5":{"start":{"line":6,"column":0},"end":{"line":6,"column":0}},"6":{"start":{"line":7,"column":0},"end":{"line":7,"column":32}},"7":{"start":{"line":8,"column":0},"end":{"line":8,"column":30}},"8":{"start":{"line":9,"column":0},"end":{"line":9,"column":25}},"9":{"start":{"line":10,"column":0},"end":{"line":10,"column":49}},"10":{"start":{"line":11,"column":0},"end":{"line":11,"column":26}},"11":{"start":{"line":12,"column":0},"end":{"line":12,"column":90}},"12":{"start":{"line":13,"column":0},"end":{"line":13,"column":2}},"13":{"start":{"line":14,"column":0},"end":{"line":14,"column":0}},"14":{"start":{"line":15,"column":0},"end":{"line":15,"column":44}},"15":{"start":{"line":16,"column":0},"end":{"line":16,"column":0}},"16":{"start":{"line":17,"column":0},"end":{"line":17,"column":75}},"17":{"start":{"line":18,"column":0},"end":{"line":18,"column":80}},"18":{"start":{"line":19,"column":0},"end":{"line":19,"column":41}},"19":{"start":{"line":20,"column":0},"end":{"line":20,"column":91}},"20":{"start":{"line":21,"column":0},"end":{"line":21,"column":5}},"21":{"start":{"line":22,"column":0},"end":{"line":22,"column":0}},"22":{"start":{"line":23,"column":0},"end":{"line":23,"column":61}},"23":{"start":{"line":24,"column":0},"end":{"line":24,"column":32}},"24":{"start":{"line":25,"column":0},"end":{"line":25,"column":78}},"25":{"start":{"line":26,"column":0},"end":{"line":26,"column":5}},"26":{"start":{"line":27,"column":0},"end":{"line":27,"column":0}},"27":{"start":{"line":28,"column":0},"end":{"line":28,"column":59}},"28":{"start":{"line":29,"column":0},"end":{"line":29,"column":32}},"29":{"start":{"line":30,"column":0},"end":{"line":30,"column":67}},"30":{"start":{"line":31,"column":0},"end":{"line":31,"column":33}},"31":{"start":{"line":32,"column":0},"end":{"line":32,"column":11}},"32":{"start":{"line":33,"column":0},"end":{"line":33,"column":5}},"33":{"start":{"line":34,"column":0},"end":{"line":34,"column":0}},"34":{"start":{"line":35,"column":0},"end":{"line":35,"column":56}},"35":{"start":{"line":36,"column":0},"end":{"line":36,"column":1}}},"s":{"0":1,"1":1,"2":1,"3":1,"4":1,"5":1,"6":1,"7":1,"8":1,"9":1,"10":1,"11":1,"12":1,"13":1,"14":1,"15":1,"16":1,"17":14,"18":14,"19":1,"20":1,"21":13,"22":13,"23":14,"24":5,"25":5,"26":8,"27":8,"28":14,"29":1,"30":1,"31":1,"32":1,"33":7,"34":7,"35":7},"branchMap":{"0":{"type":"branch","line":12,"loc":{"start":{"line":12,"column":79},"end":{"line":12,"column":89}},"locations":[{"start":{"line":12,"column":79},"end":{"line":12,"column":89}}]},"1":{"type":"branch","line":17,"loc":{"start":{"line":17,"column":22},"end":{"line":36,"column":1}},"locations":[{"start":{"line":17,"column":22},"end":{"line":36,"column":1}}]},"2":{"type":"branch","line":17,"loc":{"start":{"line":17,"column":73},"end":{"line":36,"column":1}},"locations":[{"start":{"line":17,"column":73},"end":{"line":36,"column":1}}]},"3":{"type":"branch","line":19,"loc":{"start":{"line":19,"column":40},"end":{"line":21,"column":5}},"locations":[{"start":{"line":19,"column":40},"end":{"line":21,"column":5}}]},"4":{"type":"branch","line":22,"loc":{"start":{"line":22,"column":-2},"end":{"line":24,"column":31}},"locations":[{"start":{"line":22,"column":-2},"end":{"line":24,"column":31}}]},"5":{"type":"branch","line":24,"loc":{"start":{"line":24,"column":31},"end":{"line":26,"column":5}},"locations":[{"start":{"line":24,"column":31},"end":{"line":26,"column":5}}]},"6":{"type":"branch","line":27,"loc":{"start":{"line":27,"column":-2},"end":{"line":29,"column":31}},"locations":[{"start":{"line":27,"column":-2},"end":{"line":29,"column":31}}]},"7":{"type":"branch","line":29,"loc":{"start":{"line":29,"column":31},"end":{"line":33,"column":5}},"locations":[{"start":{"line":29,"column":31},"end":{"line":33,"column":5}}]},"8":{"type":"branch","line":34,"loc":{"start":{"line":34,"column":-2},"end":{"line":36,"column":1}},"locations":[{"start":{"line":34,"column":-2},"end":{"line":36,"column":1}}]}},"b":{"0":[11],"1":[14],"2":[14],"3":[1],"4":[13],"5":[5],"6":[8],"7":[1],"8":[7]},"fnMap":{"0":{"name":"create","decl":{"start":{"line":17,"column":22},"end":{"line":36,"column":1}},"loc":{"start":{"line":17,"column":22},"end":{"line":36,"column":1}},"line":17}},"f":{"0":14}}
,"C:\\Users\\NEURI\\Desktop\\api-ProG\\src\\server\\controllers\\projetos\\DeleteById.ts": {"path":"C:\\Users\\NEURI\\Desktop\\api-ProG\\src\\server\\controllers\\projetos\\DeleteById.ts","all":false,"statementMap":{"0":{"start":{"line":1,"column":0},"end":{"line":1,"column":44}},"1":{"start":{"line":2,"column":0},"end":{"line":2,"column":48}},"2":{"start":{"line":3,"column":0},"end":{"line":3,"column":22}},"3":{"start":{"line":4,"column":0},"end":{"line":4,"column":82}},"4":{"start":{"line":5,"column":0},"end":{"line":5,"column":69}},"5":{"start":{"line":6,"column":0},"end":{"line":6,"column":0}},"6":{"start":{"line":7,"column":0},"end":{"line":7,"column":32}},"7":{"start":{"line":8,"column":0},"end":{"line":8,"column":85}},"8":{"start":{"line":9,"column":0},"end":{"line":9,"column":2}},"9":{"start":{"line":10,"column":0},"end":{"line":10,"column":0}},"10":{"start":{"line":11,"column":0},"end":{"line":11,"column":44}},"11":{"start":{"line":12,"column":0},"end":{"line":12,"column":0}},"12":{"start":{"line":13,"column":0},"end":{"line":13,"column":73}},"13":{"start":{"line":14,"column":0},"end":{"line":14,"column":80}},"14":{"start":{"line":15,"column":0},"end":{"line":15,"column":41}},"15":{"start":{"line":16,"column":0},"end":{"line":16,"column":91}},"16":{"start":{"line":17,"column":0},"end":{"line":17,"column":5}},"17":{"start":{"line":18,"column":0},"end":{"line":18,"column":0}},"18":{"start":{"line":19,"column":0},"end":{"line":19,"column":63}},"19":{"start":{"line":20,"column":0},"end":{"line":20,"column":32}},"20":{"start":{"line":21,"column":0},"end":{"line":21,"column":78}},"21":{"start":{"line":22,"column":0},"end":{"line":22,"column":5}},"22":{"start":{"line":23,"column":0},"end":{"line":23,"column":0}},"23":{"start":{"line":24,"column":0},"end":{"line":24,"column":68}},"24":{"start":{"line":25,"column":0},"end":{"line":25,"column":32}},"25":{"start":{"line":26,"column":0},"end":{"line":26,"column":67}},"26":{"start":{"line":27,"column":0},"end":{"line":27,"column":33}},"27":{"start":{"line":28,"column":0},"end":{"line":28,"column":11}},"28":{"start":{"line":29,"column":0},"end":{"line":29,"column":5}},"29":{"start":{"line":30,"column":0},"end":{"line":30,"column":0}},"30":{"start":{"line":31,"column":0},"end":{"line":31,"column":55}},"31":{"start":{"line":32,"column":0},"end":{"line":32,"column":1}}},"s":{"0":1,"1":1,"2":1,"3":1,"4":1,"5":1,"6":1,"7":1,"8":1,"9":1,"10":1,"11":1,"12":1,"13":3,"14":3,"15":0,"16":0,"17":3,"18":3,"19":3,"20":1,"21":1,"22":2,"23":2,"24":3,"25":1,"26":1,"27":1,"28":1,"29":1,"30":1,"31":1},"branchMap":{"0":{"type":"branch","line":8,"loc":{"start":{"line":8,"column":74},"end":{"line":8,"column":84}},"locations":[{"start":{"line":8,"column":74},"end":{"line":8,"column":84}}]},"1":{"type":"branch","line":13,"loc":{"start":{"line":13,"column":26},"end":{"line":32,"column":1}},"locations":[{"start":{"line":13,"column":26},"end":{"line":32,"column":1}}]},"2":{"type":"branch","line":13,"loc":{"start":{"line":13,"column":71},"end":{"line":32,"column":1}},"locations":[{"start":{"line":13,"column":71},"end":{"line":32,"column":1}}]},"3":{"type":"branch","line":15,"loc":{"start":{"line":15,"column":40},"end":{"line":17,"column":5}},"locations":[{"start":{"line":15,"column":40},"end":{"line":17,"column":5}}]},"4":{"type":"branch","line":20,"loc":{"start":{"line":20,"column":31},"end":{"line":22,"column":5}},"locations":[{"start":{"line":20,"column":31},"end":{"line":22,"column":5}}]},"5":{"type":"branch","line":23,"loc":{"start":{"line":23,"column":-2},"end":{"line":25,"column":31}},"locations":[{"start":{"line":23,"column":-2},"end":{"line":25,"column":31}}]},"6":{"type":"branch","line":25,"loc":{"start":{"line":25,"column":31},"end":{"line":32,"column":1}},"locations":[{"start":{"line":25,"column":31},"end":{"line":32,"column":1}}]}},"b":{"0":[3],"1":[3],"2":[3],"3":[0],"4":[1],"5":[2],"6":[1]},"fnMap":{"0":{"name":"deleteById","decl":{"start":{"line":13,"column":26},"end":{"line":32,"column":1}},"loc":{"start":{"line":13,"column":26},"end":{"line":32,"column":1}},"line":13}},"f":{"0":3}}
,"C:\\Users\\NEURI\\Desktop\\api-ProG\\src\\server\\controllers\\projetos\\GetAll.ts": {"path":"C:\\Users\\NEURI\\Desktop\\api-ProG\\src\\server\\controllers\\projetos\\GetAll.ts","all":false,"statementMap":{"0":{"start":{"line":1,"column":0},"end":{"line":1,"column":44}},"1":{"start":{"line":2,"column":0},"end":{"line":2,"column":48}},"2":{"start":{"line":3,"column":0},"end":{"line":3,"column":22}},"3":{"start":{"line":4,"column":0},"end":{"line":4,"column":82}},"4":{"start":{"line":5,"column":0},"end":{"line":5,"column":69}},"5":{"start":{"line":6,"column":0},"end":{"line":6,"column":0}},"6":{"start":{"line":7,"column":0},"end":{"line":7,"column":32}},"7":{"start":{"line":8,"column":0},"end":{"line":8,"column":34}},"8":{"start":{"line":9,"column":0},"end":{"line":9,"column":101}},"9":{"start":{"line":10,"column":0},"end":{"line":10,"column":2}},"10":{"start":{"line":11,"column":0},"end":{"line":11,"column":0}},"11":{"start":{"line":12,"column":0},"end":{"line":12,"column":44}},"12":{"start":{"line":13,"column":0},"end":{"line":13,"column":0}},"13":{"start":{"line":14,"column":0},"end":{"line":14,"column":78}},"14":{"start":{"line":15,"column":0},"end":{"line":15,"column":80}},"15":{"start":{"line":16,"column":0},"end":{"line":16,"column":41}},"16":{"start":{"line":17,"column":0},"end":{"line":17,"column":91}},"17":{"start":{"line":18,"column":0},"end":{"line":18,"column":5}},"18":{"start":{"line":19,"column":0},"end":{"line":19,"column":0}},"19":{"start":{"line":20,"column":0},"end":{"line":20,"column":62}},"20":{"start":{"line":21,"column":0},"end":{"line":21,"column":32}},"21":{"start":{"line":22,"column":0},"end":{"line":22,"column":78}},"22":{"start":{"line":23,"column":0},"end":{"line":23,"column":5}},"23":{"start":{"line":24,"column":0},"end":{"line":24,"column":0}},"24":{"start":{"line":25,"column":0},"end":{"line":25,"column":86}},"25":{"start":{"line":26,"column":0},"end":{"line":26,"column":32}},"26":{"start":{"line":27,"column":0},"end":{"line":27,"column":67}},"27":{"start":{"line":28,"column":0},"end":{"line":28,"column":33}},"28":{"start":{"line":29,"column":0},"end":{"line":29,"column":11}},"29":{"start":{"line":30,"column":0},"end":{"line":30,"column":5}},"30":{"start":{"line":31,"column":0},"end":{"line":31,"column":23}},"31":{"start":{"line":32,"column":0},"end":{"line":32,"column":0}},"32":{"start":{"line":33,"column":0},"end":{"line":33,"column":51}},"33":{"start":{"line":34,"column":0},"end":{"line":34,"column":1}}},"s":{"0":1,"1":1,"2":1,"3":1,"4":1,"5":1,"6":1,"7":1,"8":1,"9":1,"10":1,"11":1,"12":1,"13":1,"14":4,"15":4,"16":0,"17":0,"18":4,"19":4,"20":4,"21":0,"22":0,"23":4,"24":4,"25":4,"26":0,"27":0,"28":0,"29":0,"30":4,"31":4,"32":4,"33":4},"branchMap":{"0":{"type":"branch","line":14,"loc":{"start":{"line":14,"column":22},"end":{"line":34,"column":1}},"locations":[{"start":{"line":14,"column":22},"end":{"line":34,"column":1}}]},"1":{"type":"branch","line":14,"loc":{"start":{"line":14,"column":76},"end":{"line":34,"column":1}},"locations":[{"start":{"line":14,"column":76},"end":{"line":34,"column":1}}]},"2":{"type":"branch","line":16,"loc":{"start":{"line":16,"column":40},"end":{"line":18,"column":5}},"locations":[{"start":{"line":16,"column":40},"end":{"line":18,"column":5}}]},"3":{"type":"branch","line":21,"loc":{"start":{"line":21,"column":31},"end":{"line":23,"column":5}},"locations":[{"start":{"line":21,"column":31},"end":{"line":23,"column":5}}]},"4":{"type":"branch","line":26,"loc":{"start":{"line":26,"column":31},"end":{"line":30,"column":5}},"locations":[{"start":{"line":26,"column":31},"end":{"line":30,"column":5}}]}},"b":{"0":[4],"1":[4],"2":[0],"3":[0],"4":[0]},"fnMap":{"0":{"name":"getAll","decl":{"start":{"line":14,"column":22},"end":{"line":34,"column":1}},"loc":{"start":{"line":14,"column":22},"end":{"line":34,"column":1}},"line":14}},"f":{"0":4}}
,"C:\\Users\\NEURI\\Desktop\\api-ProG\\src\\server\\controllers\\projetos\\GetById.ts": {"path":"C:\\Users\\NEURI\\Desktop\\api-ProG\\src\\server\\controllers\\projetos\\GetById.ts","all":false,"statementMap":{"0":{"start":{"line":1,"column":0},"end":{"line":1,"column":44}},"1":{"start":{"line":2,"column":0},"end":{"line":2,"column":48}},"2":{"start":{"line":3,"column":0},"end":{"line":3,"column":22}},"3":{"start":{"line":4,"column":0},"end":{"line":4,"column":82}},"4":{"start":{"line":5,"column":0},"end":{"line":5,"column":69}},"5":{"start":{"line":6,"column":0},"end":{"line":6,"column":0}},"6":{"start":{"line":7,"column":0},"end":{"line":7,"column":32}},"7":{"start":{"line":8,"column":0},"end":{"line":8,"column":85}},"8":{"start":{"line":9,"column":0},"end":{"line":9,"column":2}},"9":{"start":{"line":10,"column":0},"end":{"line":10,"column":0}},"10":{"start":{"line":11,"column":0},"end":{"line":11,"column":44}},"11":{"start":{"line":12,"column":0},"end":{"line":12,"column":0}},"12":{"start":{"line":13,"column":0},"end":{"line":13,"column":70}},"13":{"start":{"line":14,"column":0},"end":{"line":14,"column":80}},"14":{"start":{"line":15,"column":0},"end":{"line":15,"column":41}},"15":{"start":{"line":16,"column":0},"end":{"line":16,"column":91}},"16":{"start":{"line":17,"column":0},"end":{"line":17,"column":5}},"17":{"start":{"line":18,"column":0},"end":{"line":18,"column":0}},"18":{"start":{"line":19,"column":0},"end":{"line":19,"column":63}},"19":{"start":{"line":20,"column":0},"end":{"line":20,"column":32}},"20":{"start":{"line":21,"column":0},"end":{"line":21,"column":78}},"21":{"start":{"line":22,"column":0},"end":{"line":22,"column":5}},"22":{"start":{"line":23,"column":0},"end":{"line":23,"column":0}},"23":{"start":{"line":24,"column":0},"end":{"line":24,"column":65}},"24":{"start":{"line":25,"column":0},"end":{"line":25,"column":32}},"25":{"start":{"line":26,"column":0},"end":{"line":26,"column":67}},"26":{"start":{"line":27,"column":0},"end":{"line":27,"column":33}},"27":{"start":{"line":28,"column":0},"end":{"line":28,"column":11}},"28":{"start":{"line":29,"column":0},"end":{"line":29,"column":5}},"29":{"start":{"line":30,"column":0},"end":{"line":30,"column":0}},"30":{"start":{"line":31,"column":0},"end":{"line":31,"column":51}},"31":{"start":{"line":32,"column":0},"end":{"line":32,"column":1}}},"s":{"0":1,"1":1,"2":1,"3":1,"4":1,"5":1,"6":1,"7":1,"8":1,"9":1,"10":1,"11":1,"12":1,"13":6,"14":6,"15":0,"16":0,"17":6,"18":6,"19":6,"20":1,"21":1,"22":5,"23":5,"24":6,"25":2,"26":2,"27":2,"28":2,"29":3,"30":3,"31":3},"branchMap":{"0":{"type":"branch","line":8,"loc":{"start":{"line":8,"column":74},"end":{"line":8,"column":84}},"locations":[{"start":{"line":8,"column":74},"end":{"line":8,"column":84}}]},"1":{"type":"branch","line":13,"loc":{"start":{"line":13,"column":23},"end":{"line":32,"column":1}},"locations":[{"start":{"line":13,"column":23},"end":{"line":32,"column":1}}]},"2":{"type":"branch","line":13,"loc":{"start":{"line":13,"column":68},"end":{"line":32,"column":1}},"locations":[{"start":{"line":13,"column":68},"end":{"line":32,"column":1}}]},"3":{"type":"branch","line":15,"loc":{"start":{"line":15,"column":40},"end":{"line":17,"column":5}},"locations":[{"start":{"line":15,"column":40},"end":{"line":17,"column":5}}]},"4":{"type":"branch","line":20,"loc":{"start":{"line":20,"column":31},"end":{"line":22,"column":5}},"locations":[{"start":{"line":20,"column":31},"end":{"line":22,"column":5}}]},"5":{"type":"branch","line":23,"loc":{"start":{"line":23,"column":-2},"end":{"line":25,"column":31}},"locations":[{"start":{"line":23,"column":-2},"end":{"line":25,"column":31}}]},"6":{"type":"branch","line":25,"loc":{"start":{"line":25,"column":31},"end":{"line":32,"column":1}},"locations":[{"start":{"line":25,"column":31},"end":{"line":32,"column":1}}]},"7":{"type":"branch","line":25,"loc":{"start":{"line":25,"column":31},"end":{"line":29,"column":5}},"locations":[{"start":{"line":25,"column":31},"end":{"line":29,"column":5}}]},"8":{"type":"branch","line":30,"loc":{"start":{"line":30,"column":-2},"end":{"line":32,"column":1}},"locations":[{"start":{"line":30,"column":-2},"end":{"line":32,"column":1}}]}},"b":{"0":[6],"1":[6],"2":[6],"3":[0],"4":[1],"5":[5],"6":[4],"7":[2],"8":[3]},"fnMap":{"0":{"name":"getById","decl":{"start":{"line":13,"column":23},"end":{"line":32,"column":1}},"loc":{"start":{"line":13,"column":23},"end":{"line":32,"column":1}},"line":13}},"f":{"0":6}}
,"C:\\Users\\NEURI\\Desktop\\api-ProG\\src\\server\\controllers\\projetos\\UpdateById.ts": {"path":"C:\\Users\\NEURI\\Desktop\\api-ProG\\src\\server\\controllers\\projetos\\UpdateById.ts","all":false,"statementMap":{"0":{"start":{"line":1,"column":0},"end":{"line":1,"column":44}},"1":{"start":{"line":2,"column":0},"end":{"line":2,"column":48}},"2":{"start":{"line":3,"column":0},"end":{"line":3,"column":22}},"3":{"start":{"line":4,"column":0},"end":{"line":4,"column":82}},"4":{"start":{"line":5,"column":0},"end":{"line":5,"column":69}},"5":{"start":{"line":6,"column":0},"end":{"line":6,"column":0}},"6":{"start":{"line":7,"column":0},"end":{"line":7,"column":30}},"7":{"start":{"line":8,"column":0},"end":{"line":8,"column":85}},"8":{"start":{"line":9,"column":0},"end":{"line":9,"column":2}},"9":{"start":{"line":10,"column":0},"end":{"line":10,"column":0}},"10":{"start":{"line":11,"column":0},"end":{"line":11,"column":32}},"11":{"start":{"line":12,"column":0},"end":{"line":12,"column":30}},"12":{"start":{"line":13,"column":0},"end":{"line":13,"column":25}},"13":{"start":{"line":14,"column":0},"end":{"line":14,"column":49}},"14":{"start":{"line":15,"column":0},"end":{"line":15,"column":26}},"15":{"start":{"line":16,"column":0},"end":{"line":16,"column":90}},"16":{"start":{"line":17,"column":0},"end":{"line":17,"column":2}},"17":{"start":{"line":18,"column":0},"end":{"line":18,"column":0}},"18":{"start":{"line":19,"column":0},"end":{"line":19,"column":41}},"19":{"start":{"line":20,"column":0},"end":{"line":20,"column":45}},"20":{"start":{"line":21,"column":0},"end":{"line":21,"column":0}},"21":{"start":{"line":22,"column":0},"end":{"line":22,"column":82}},"22":{"start":{"line":23,"column":0},"end":{"line":23,"column":80}},"23":{"start":{"line":24,"column":0},"end":{"line":24,"column":41}},"24":{"start":{"line":25,"column":0},"end":{"line":25,"column":91}},"25":{"start":{"line":26,"column":0},"end":{"line":26,"column":5}},"26":{"start":{"line":27,"column":0},"end":{"line":27,"column":0}},"27":{"start":{"line":28,"column":0},"end":{"line":28,"column":62}},"28":{"start":{"line":29,"column":0},"end":{"line":29,"column":61}},"29":{"start":{"line":30,"column":0},"end":{"line":30,"column":33}},"30":{"start":{"line":31,"column":0},"end":{"line":31,"column":79}},"31":{"start":{"line":32,"column":0},"end":{"line":32,"column":5}},"32":{"start":{"line":33,"column":0},"end":{"line":33,"column":32}},"33":{"start":{"line":34,"column":0},"end":{"line":34,"column":78}},"34":{"start":{"line":35,"column":0},"end":{"line":35,"column":5}},"35":{"start":{"line":36,"column":0},"end":{"line":36,"column":0}},"36":{"start":{"line":37,"column":0},"end":{"line":37,"column":78}},"37":{"start":{"line":38,"column":0},"end":{"line":38,"column":32}},"38":{"start":{"line":39,"column":0},"end":{"line":39,"column":67}},"39":{"start":{"line":40,"column":0},"end":{"line":40,"column":33}},"40":{"start":{"line":41,"column":0},"end":{"line":41,"column":11}},"41":{"start":{"line":42,"column":0},"end":{"line":42,"column":5}},"42":{"start":{"line":43,"column":0},"end":{"line":43,"column":0}},"43":{"start":{"line":44,"column":0},"end":{"line":44,"column":55}},"44":{"start":{"line":45,"column":0},"end":{"line":45,"column":1}}},"s":{"0":1,"1":1,"2":1,"3":1,"4":1,"5":1,"6":1,"7":1,"8":1,"9":1,"10":1,"11":1,"12":1,"13":1,"14":1,"15":1,"16":1,"17":1,"18":1,"19":1,"20":1,"21":1,"22":8,"23":8,"24":0,"25":0,"26":8,"27":8,"28":8,"29":8,"30":0,"31":0,"32":8,"33":5,"34":5,"35":3,"36":3,"37":8,"38":1,"39":1,"40":1,"41":1,"42":2,"43":2,"44":2},"branchMap":{"0":{"type":"branch","line":8,"loc":{"start":{"line":8,"column":74},"end":{"line":8,"column":84}},"locations":[{"start":{"line":8,"column":74},"end":{"line":8,"column":84}}]},"1":{"type":"branch","line":16,"loc":{"start":{"line":16,"column":79},"end":{"line":16,"column":89}},"locations":[{"start":{"line":16,"column":79},"end":{"line":16,"column":89}}]},"2":{"type":"branch","line":22,"loc":{"start":{"line":22,"column":26},"end":{"line":45,"column":1}},"locations":[{"start":{"line":22,"column":26},"end":{"line":45,"column":1}}]},"3":{"type":"branch","line":22,"loc":{"start":{"line":22,"column":80},"end":{"line":45,"column":1}},"locations":[{"start":{"line":22,"column":80},"end":{"line":45,"column":1}}]},"4":{"type":"branch","line":24,"loc":{"start":{"line":24,"column":40},"end":{"line":26,"column":5}},"locations":[{"start":{"line":24,"column":40},"end":{"line":26,"column":5}}]},"5":{"type":"branch","line":30,"loc":{"start":{"line":30,"column":32},"end":{"line":32,"column":5}},"locations":[{"start":{"line":30,"column":32},"end":{"line":32,"column":5}}]},"6":{"type":"branch","line":33,"loc":{"start":{"line":33,"column":31},"end":{"line":35,"column":5}},"locations":[{"start":{"line":33,"column":31},"end":{"line":35,"column":5}}]},"7":{"type":"branch","line":36,"loc":{"start":{"line":36,"column":-2},"end":{"line":38,"column":31}},"locations":[{"start":{"line":36,"column":-2},"end":{"line":38,"column":31}}]},"8":{"type":"branch","line":38,"loc":{"start":{"line":38,"column":31},"end":{"line":42,"column":5}},"locations":[{"start":{"line":38,"column":31},"end":{"line":42,"column":5}}]},"9":{"type":"branch","line":43,"loc":{"start":{"line":43,"column":-2},"end":{"line":45,"column":1}},"locations":[{"start":{"line":43,"column":-2},"end":{"line":45,"column":1}}]}},"b":{"0":[8],"1":[6],"2":[8],"3":[8],"4":[0],"5":[0],"6":[5],"7":[3],"8":[1],"9":[2]},"fnMap":{"0":{"name":"updateById","decl":{"start":{"line":22,"column":26},"end":{"line":45,"column":1}},"loc":{"start":{"line":22,"column":26},"end":{"line":45,"column":1}},"line":22}},"f":{"0":8}}
,"C:\\Users\\NEURI\\Desktop\\api-ProG\\src\\server\\controllers\\projetos\\index.ts": {"path":"C:\\Users\\NEURI\\Desktop\\api-ProG\\src\\server\\controllers\\projetos\\index.ts","all":false,"statementMap":{"0":{"start":{"line":1,"column":0},"end":{"line":1,"column":35}},"1":{"start":{"line":2,"column":0},"end":{"line":2,"column":37}},"2":{"start":{"line":3,"column":0},"end":{"line":3,"column":35}},"3":{"start":{"line":4,"column":0},"end":{"line":4,"column":43}},"4":{"start":{"line":5,"column":0},"end":{"line":5,"column":43}},"5":{"start":{"line":6,"column":0},"end":{"line":6,"column":0}},"6":{"start":{"line":7,"column":0},"end":{"line":7,"column":35}},"7":{"start":{"line":8,"column":0},"end":{"line":8,"column":14}},"8":{"start":{"line":9,"column":0},"end":{"line":9,"column":15}},"9":{"start":{"line":10,"column":0},"end":{"line":10,"column":14}},"10":{"start":{"line":11,"column":0},"end":{"line":11,"column":18}},"11":{"start":{"line":12,"column":0},"end":{"line":12,"column":17}},"12":{"start":{"line":13,"column":0},"end":{"line":13,"column":1}}},"s":{"0":1,"1":1,"2":1,"3":1,"4":1,"5":1,"6":1,"7":1,"8":1,"9":1,"10":1,"11":1,"12":1},"branchMap":{},"b":{},"fnMap":{},"f":{}}
,"C:\\Users\\NEURI\\Desktop\\api-ProG\\src\\server\\controllers\\usuarios\\SignIn.ts": {"path":"C:\\Users\\NEURI\\Desktop\\api-ProG\\src\\server\\controllers\\usuarios\\SignIn.ts","all":false,"statementMap":{"0":{"start":{"line":1,"column":0},"end":{"line":1,"column":44}},"1":{"start":{"line":2,"column":0},"end":{"line":2,"column":48}},"2":{"start":{"line":3,"column":0},"end":{"line":3,"column":22}},"3":{"start":{"line":4,"column":0},"end":{"line":4,"column":60}},"4":{"start":{"line":5,"column":0},"end":{"line":5,"column":56}},"5":{"start":{"line":6,"column":0},"end":{"line":6,"column":70}},"6":{"start":{"line":7,"column":0},"end":{"line":7,"column":0}},"7":{"start":{"line":8,"column":0},"end":{"line":8,"column":29}},"8":{"start":{"line":9,"column":0},"end":{"line":9,"column":30}},"9":{"start":{"line":10,"column":0},"end":{"line":10,"column":28}},"10":{"start":{"line":11,"column":0},"end":{"line":11,"column":2}},"11":{"start":{"line":12,"column":0},"end":{"line":12,"column":0}},"12":{"start":{"line":13,"column":0},"end":{"line":13,"column":38}},"13":{"start":{"line":14,"column":0},"end":{"line":14,"column":0}},"14":{"start":{"line":15,"column":0},"end":{"line":15,"column":72}},"15":{"start":{"line":16,"column":0},"end":{"line":16,"column":57}},"16":{"start":{"line":17,"column":0},"end":{"line":17,"column":0}},"17":{"start":{"line":18,"column":0},"end":{"line":18,"column":32}},"18":{"start":{"line":19,"column":0},"end":{"line":19,"column":77}},"19":{"start":{"line":20,"column":0},"end":{"line":20,"column":5}},"20":{"start":{"line":21,"column":0},"end":{"line":21,"column":0}},"21":{"start":{"line":22,"column":0},"end":{"line":22,"column":76}},"22":{"start":{"line":23,"column":0},"end":{"line":23,"column":32}},"23":{"start":{"line":24,"column":0},"end":{"line":24,"column":58}},"24":{"start":{"line":25,"column":0},"end":{"line":25,"column":33}},"25":{"start":{"line":26,"column":0},"end":{"line":26,"column":10}},"26":{"start":{"line":27,"column":0},"end":{"line":27,"column":5}},"27":{"start":{"line":28,"column":0},"end":{"line":28,"column":0}},"28":{"start":{"line":29,"column":0},"end":{"line":29,"column":93}},"29":{"start":{"line":30,"column":0},"end":{"line":30,"column":0}},"30":{"start":{"line":31,"column":0},"end":{"line":31,"column":28}},"31":{"start":{"line":32,"column":0},"end":{"line":32,"column":58}},"32":{"start":{"line":33,"column":0},"end":{"line":33,"column":45}},"33":{"start":{"line":34,"column":0},"end":{"line":34,"column":10}},"34":{"start":{"line":35,"column":0},"end":{"line":35,"column":5}},"35":{"start":{"line":36,"column":0},"end":{"line":36,"column":0}},"36":{"start":{"line":37,"column":0},"end":{"line":37,"column":46}},"37":{"start":{"line":38,"column":0},"end":{"line":38,"column":106}},"38":{"start":{"line":39,"column":0},"end":{"line":39,"column":37}},"39":{"start":{"line":40,"column":0},"end":{"line":40,"column":6}},"40":{"start":{"line":41,"column":0},"end":{"line":41,"column":0}},"41":{"start":{"line":42,"column":0},"end":{"line":42,"column":57}},"42":{"start":{"line":43,"column":0},"end":{"line":43,"column":1}}},"s":{"0":1,"1":1,"2":1,"3":1,"4":1,"5":1,"6":1,"7":1,"8":1,"9":1,"10":1,"11":1,"12":1,"13":1,"14":1,"15":12,"16":12,"17":12,"18":3,"19":3,"20":9,"21":9,"22":12,"23":1,"24":1,"25":1,"26":1,"27":8,"28":8,"29":8,"30":12,"31":1,"32":1,"33":1,"34":1,"35":7,"36":7,"37":12,"38":0,"39":0,"40":7,"41":7,"42":7},"branchMap":{"0":{"type":"branch","line":15,"loc":{"start":{"line":15,"column":22},"end":{"line":43,"column":1}},"locations":[{"start":{"line":15,"column":22},"end":{"line":43,"column":1}}]},"1":{"type":"branch","line":15,"loc":{"start":{"line":15,"column":70},"end":{"line":43,"column":1}},"locations":[{"start":{"line":15,"column":70},"end":{"line":43,"column":1}}]},"2":{"type":"branch","line":18,"loc":{"start":{"line":18,"column":31},"end":{"line":23,"column":31}},"locations":[{"start":{"line":18,"column":31},"end":{"line":23,"column":31}}]},"3":{"type":"branch","line":18,"loc":{"start":{"line":18,"column":31},"end":{"line":20,"column":5}},"locations":[{"start":{"line":18,"column":31},"end":{"line":20,"column":5}}]},"4":{"type":"branch","line":23,"loc":{"start":{"line":23,"column":31},"end":{"line":27,"column":5}},"locations":[{"start":{"line":23,"column":31},"end":{"line":27,"column":5}}]},"5":{"type":"branch","line":28,"loc":{"start":{"line":28,"column":-2},"end":{"line":31,"column":27}},"locations":[{"start":{"line":28,"column":-2},"end":{"line":31,"column":27}}]},"6":{"type":"branch","line":31,"loc":{"start":{"line":31,"column":27},"end":{"line":38,"column":54}},"locations":[{"start":{"line":31,"column":27},"end":{"line":38,"column":54}}]},"7":{"type":"branch","line":31,"loc":{"start":{"line":31,"column":27},"end":{"line":35,"column":5}},"locations":[{"start":{"line":31,"column":27},"end":{"line":35,"column":5}}]},"8":{"type":"branch","line":38,"loc":{"start":{"line":38,"column":47},"end":{"line":40,"column":6}},"locations":[{"start":{"line":38,"column":47},"end":{"line":40,"column":6}}]},"9":{"type":"branch","line":41,"loc":{"start":{"line":41,"column":-2},"end":{"line":43,"column":1}},"locations":[{"start":{"line":41,"column":-2},"end":{"line":43,"column":1}}]}},"b":{"0":[12],"1":[12],"2":[9],"3":[3],"4":[1],"5":[8],"6":[7],"7":[1],"8":[0],"9":[7]},"fnMap":{"0":{"name":"signIn","decl":{"start":{"line":15,"column":22},"end":{"line":43,"column":1}},"loc":{"start":{"line":15,"column":22},"end":{"line":43,"column":1}},"line":15}},"f":{"0":12}}
,"C:\\Users\\NEURI\\Desktop\\api-ProG\\src\\server\\controllers\\usuarios\\SignUp.ts": {"path":"C:\\Users\\NEURI\\Desktop\\api-ProG\\src\\server\\controllers\\usuarios\\SignUp.ts","all":false,"statementMap":{"0":{"start":{"line":1,"column":0},"end":{"line":1,"column":24}},"1":{"start":{"line":2,"column":0},"end":{"line":2,"column":44}},"2":{"start":{"line":3,"column":0},"end":{"line":3,"column":48}},"3":{"start":{"line":4,"column":0},"end":{"line":4,"column":60}},"4":{"start":{"line":5,"column":0},"end":{"line":5,"column":68}},"5":{"start":{"line":6,"column":0},"end":{"line":6,"column":0}},"6":{"start":{"line":7,"column":0},"end":{"line":7,"column":29}},"7":{"start":{"line":8,"column":0},"end":{"line":8,"column":28}},"8":{"start":{"line":9,"column":0},"end":{"line":9,"column":30}},"9":{"start":{"line":10,"column":0},"end":{"line":10,"column":28}},"10":{"start":{"line":11,"column":0},"end":{"line":11,"column":2}},"11":{"start":{"line":12,"column":0},"end":{"line":12,"column":0}},"12":{"start":{"line":13,"column":0},"end":{"line":13,"column":38}},"13":{"start":{"line":14,"column":0},"end":{"line":14,"column":0}},"14":{"start":{"line":15,"column":0},"end":{"line":15,"column":72}},"15":{"start":{"line":16,"column":0},"end":{"line":16,"column":58}},"16":{"start":{"line":17,"column":0},"end":{"line":17,"column":0}},"17":{"start":{"line":18,"column":0},"end":{"line":18,"column":32}},"18":{"start":{"line":19,"column":0},"end":{"line":19,"column":78}},"19":{"start":{"line":20,"column":0},"end":{"line":20,"column":5}},"20":{"start":{"line":21,"column":0},"end":{"line":21,"column":0}},"21":{"start":{"line":22,"column":0},"end":{"line":22,"column":73}},"22":{"start":{"line":23,"column":0},"end":{"line":23,"column":0}},"23":{"start":{"line":24,"column":0},"end":{"line":24,"column":98}},"24":{"start":{"line":25,"column":0},"end":{"line":25,"column":0}},"25":{"start":{"line":26,"column":0},"end":{"line":26,"column":32}},"26":{"start":{"line":27,"column":0},"end":{"line":27,"column":67}},"27":{"start":{"line":28,"column":0},"end":{"line":28,"column":33}},"28":{"start":{"line":29,"column":0},"end":{"line":29,"column":10}},"29":{"start":{"line":30,"column":0},"end":{"line":30,"column":5}},"30":{"start":{"line":31,"column":0},"end":{"line":31,"column":4}},"31":{"start":{"line":32,"column":0},"end":{"line":32,"column":56}},"32":{"start":{"line":33,"column":0},"end":{"line":33,"column":1}}},"s":{"0":1,"1":1,"2":1,"3":1,"4":1,"5":1,"6":1,"7":1,"8":1,"9":1,"10":1,"11":1,"12":1,"13":1,"14":1,"15":14,"16":14,"17":14,"18":7,"19":7,"20":7,"21":7,"22":7,"23":7,"24":7,"25":14,"26":0,"27":0,"28":0,"29":0,"30":7,"31":7,"32":7},"branchMap":{"0":{"type":"branch","line":15,"loc":{"start":{"line":15,"column":22},"end":{"line":33,"column":1}},"locations":[{"start":{"line":15,"column":22},"end":{"line":33,"column":1}}]},"1":{"type":"branch","line":15,"loc":{"start":{"line":15,"column":70},"end":{"line":33,"column":1}},"locations":[{"start":{"line":15,"column":70},"end":{"line":33,"column":1}}]},"2":{"type":"branch","line":18,"loc":{"start":{"line":18,"column":31},"end":{"line":26,"column":31}},"locations":[{"start":{"line":18,"column":31},"end":{"line":26,"column":31}}]},"3":{"type":"branch","line":26,"loc":{"start":{"line":26,"column":31},"end":{"line":30,"column":5}},"locations":[{"start":{"line":26,"column":31},"end":{"line":30,"column":5}}]},"4":{"type":"branch","line":31,"loc":{"start":{"line":31,"column":-2},"end":{"line":33,"column":1}},"locations":[{"start":{"line":31,"column":-2},"end":{"line":33,"column":1}}]}},"b":{"0":[14],"1":[14],"2":[7],"3":[0],"4":[7]},"fnMap":{"0":{"name":"signUp","decl":{"start":{"line":15,"column":22},"end":{"line":33,"column":1}},"loc":{"start":{"line":15,"column":22},"end":{"line":33,"column":1}},"line":15}},"f":{"0":14}}
,"C:\\Users\\NEURI\\Desktop\\api-ProG\\src\\server\\controllers\\usuarios\\index.ts": {"path":"C:\\Users\\NEURI\\Desktop\\api-ProG\\src\\server\\controllers\\usuarios\\index.ts","all":false,"statementMap":{"0":{"start":{"line":1,"column":0},"end":{"line":1,"column":35}},"1":{"start":{"line":2,"column":0},"end":{"line":2,"column":35}},"2":{"start":{"line":3,"column":0},"end":{"line":3,"column":0}},"3":{"start":{"line":4,"column":0},"end":{"line":4,"column":35}},"4":{"start":{"line":5,"column":0},"end":{"line":5,"column":14}},"5":{"start":{"line":6,"column":0},"end":{"line":6,"column":13}},"6":{"start":{"line":7,"column":0},"end":{"line":7,"column":1}}},"s":{"0":1,"1":1,"2":1,"3":1,"4":1,"5":1,"6":1},"branchMap":{},"b":{},"fnMap":{},"f":{}}
,"C:\\Users\\NEURI\\Desktop\\api-ProG\\src\\server\\database\\knex\\Environment.ts": {"path":"C:\\Users\\NEURI\\Desktop\\api-ProG\\src\\server\\database\\knex\\Environment.ts","all":false,"statementMap":{"0":{"start":{"line":1,"column":0},"end":{"line":1,"column":28}},"1":{"start":{"line":2,"column":0},"end":{"line":2,"column":24}},"2":{"start":{"line":3,"column":0},"end":{"line":3,"column":0}},"3":{"start":{"line":4,"column":0},"end":{"line":4,"column":41}},"4":{"start":{"line":5,"column":0},"end":{"line":5,"column":22}},"5":{"start":{"line":6,"column":0},"end":{"line":6,"column":27}},"6":{"start":{"line":7,"column":0},"end":{"line":7,"column":17}},"7":{"start":{"line":8,"column":0},"end":{"line":8,"column":79}},"8":{"start":{"line":9,"column":0},"end":{"line":9,"column":6}},"9":{"start":{"line":10,"column":0},"end":{"line":10,"column":17}},"10":{"start":{"line":11,"column":0},"end":{"line":11,"column":60}},"11":{"start":{"line":12,"column":0},"end":{"line":12,"column":6}},"12":{"start":{"line":13,"column":0},"end":{"line":13,"column":12}},"13":{"start":{"line":14,"column":0},"end":{"line":14,"column":55}},"14":{"start":{"line":15,"column":0},"end":{"line":15,"column":6}},"15":{"start":{"line":16,"column":0},"end":{"line":16,"column":11}},"16":{"start":{"line":17,"column":0},"end":{"line":17,"column":59}},"17":{"start":{"line":18,"column":0},"end":{"line":18,"column":55}},"18":{"start":{"line":19,"column":0},"end":{"line":19,"column":19}},"19":{"start":{"line":20,"column":0},"end":{"line":20,"column":9}},"20":{"start":{"line":21,"column":0},"end":{"line":21,"column":5}},"21":{"start":{"line":22,"column":0},"end":{"line":22,"column":1}},"22":{"start":{"line":23,"column":0},"end":{"line":23,"column":0}},"23":{"start":{"line":24,"column":0},"end":{"line":24,"column":34}},"24":{"start":{"line":25,"column":0},"end":{"line":25,"column":19}},"25":{"start":{"line":26,"column":0},"end":{"line":26,"column":26}},"26":{"start":{"line":27,"column":0},"end":{"line":27,"column":1}},"27":{"start":{"line":28,"column":0},"end":{"line":28,"column":0}},"28":{"start":{"line":29,"column":0},"end":{"line":29,"column":40}},"29":{"start":{"line":30,"column":0},"end":{"line":30,"column":18}},"30":{"start":{"line":31,"column":0},"end":{"line":31,"column":1}}},"s":{"0":1,"1":1,"2":1,"3":1,"4":1,"5":1,"6":1,"7":1,"8":1,"9":1,"10":1,"11":1,"12":1,"13":1,"14":1,"15":1,"16":1,"17":7,"18":7,"19":7,"20":1,"21":1,"22":1,"23":1,"24":1,"25":1,"26":1,"27":1,"28":1,"29":1,"30":1},"branchMap":{"0":{"type":"branch","line":17,"loc":{"start":{"line":17,"column":21},"end":{"line":20,"column":9}},"locations":[{"start":{"line":17,"column":21},"end":{"line":20,"column":9}}]}},"b":{"0":[7]},"fnMap":{"0":{"name":"afterCreate","decl":{"start":{"line":17,"column":21},"end":{"line":20,"column":9}},"loc":{"start":{"line":17,"column":21},"end":{"line":20,"column":9}},"line":17}},"f":{"0":7}}
,"C:\\Users\\NEURI\\Desktop\\api-ProG\\src\\server\\database\\knex\\index.ts": {"path":"C:\\Users\\NEURI\\Desktop\\api-ProG\\src\\server\\database\\knex\\index.ts","all":false,"statementMap":{"0":{"start":{"line":1,"column":0},"end":{"line":1,"column":23}},"1":{"start":{"line":2,"column":0},"end":{"line":2,"column":28}},"2":{"start":{"line":3,"column":0},"end":{"line":3,"column":62}},"3":{"start":{"line":4,"column":0},"end":{"line":4,"column":0}},"4":{"start":{"line":5,"column":0},"end":{"line":5,"column":30}},"5":{"start":{"line":6,"column":0},"end":{"line":6,"column":35}},"6":{"start":{"line":7,"column":0},"end":{"line":7,"column":26}},"7":{"start":{"line":8,"column":0},"end":{"line":8,"column":30}},"8":{"start":{"line":9,"column":0},"end":{"line":9,"column":8}},"9":{"start":{"line":10,"column":0},"end":{"line":10,"column":20}},"10":{"start":{"line":11,"column":0},"end":{"line":11,"column":24}},"11":{"start":{"line":12,"column":0},"end":{"line":12,"column":0}},"12":{"start":{"line":13,"column":0},"end":{"line":13,"column":16}},"13":{"start":{"line":14,"column":0},"end":{"line":14,"column":31}},"14":{"start":{"line":15,"column":0},"end":{"line":15,"column":5}},"15":{"start":{"line":16,"column":0},"end":{"line":16,"column":1}},"16":{"start":{"line":17,"column":0},"end":{"line":17,"column":0}},"17":{"start":{"line":18,"column":0},"end":{"line":18,"column":43}}},"s":{"0":1,"1":1,"2":1,"3":1,"4":1,"5":7,"6":7,"7":0,"8":7,"9":7,"10":7,"11":7,"12":7,"13":0,"14":7,"15":7,"16":1,"17":1},"branchMap":{"0":{"type":"branch","line":5,"loc":{"start":{"line":5,"column":23},"end":{"line":16,"column":1}},"locations":[{"start":{"line":5,"column":23},"end":{"line":16,"column":1}}]},"1":{"type":"branch","line":7,"loc":{"start":{"line":7,"column":8},"end":{"line":8,"column":30}},"locations":[{"start":{"line":7,"column":8},"end":{"line":8,"column":30}}]},"2":{"type":"branch","line":13,"loc":{"start":{"line":13,"column":8},"end":{"line":14,"column":31}},"locations":[{"start":{"line":13,"column":8},"end":{"line":14,"column":31}}]}},"b":{"0":[7],"1":[0],"2":[0]},"fnMap":{"0":{"name":"getEnvironment","decl":{"start":{"line":5,"column":23},"end":{"line":16,"column":1}},"loc":{"start":{"line":5,"column":23},"end":{"line":16,"column":1}},"line":5}},"f":{"0":7}}
,"C:\\Users\\NEURI\\Desktop\\api-ProG\\src\\server\\database\\migrations\\0000_usuario.ts": {"path":"C:\\Users\\NEURI\\Desktop\\api-ProG\\src\\server\\database\\migrations\\0000_usuario.ts","all":false,"statementMap":{"0":{"start":{"line":1,"column":0},"end":{"line":1,"column":28}},"1":{"start":{"line":2,"column":0},"end":{"line":2,"column":0}},"2":{"start":{"line":3,"column":0},"end":{"line":3,"column":0}},"3":{"start":{"line":4,"column":0},"end":{"line":4,"column":53}},"4":{"start":{"line":5,"column":0},"end":{"line":5,"column":56}},"5":{"start":{"line":6,"column":0},"end":{"line":6,"column":52}},"6":{"start":{"line":7,"column":0},"end":{"line":7,"column":63}},"7":{"start":{"line":8,"column":0},"end":{"line":8,"column":61}},"8":{"start":{"line":9,"column":0},"end":{"line":9,"column":63}},"9":{"start":{"line":10,"column":0},"end":{"line":10,"column":6}},"10":{"start":{"line":11,"column":0},"end":{"line":11,"column":15}},"11":{"start":{"line":12,"column":0},"end":{"line":12,"column":47}},"12":{"start":{"line":13,"column":0},"end":{"line":13,"column":6}},"13":{"start":{"line":14,"column":0},"end":{"line":14,"column":1}},"14":{"start":{"line":15,"column":0},"end":{"line":15,"column":0}},"15":{"start":{"line":16,"column":0},"end":{"line":16,"column":0}},"16":{"start":{"line":17,"column":0},"end":{"line":17,"column":55}},"17":{"start":{"line":18,"column":0},"end":{"line":18,"column":51}},"18":{"start":{"line":19,"column":0},"end":{"line":19,"column":15}},"19":{"start":{"line":20,"column":0},"end":{"line":20,"column":47}},"20":{"start":{"line":21,"column":0},"end":{"line":21,"column":6}},"21":{"start":{"line":22,"column":0},"end":{"line":22,"column":1}}},"s":{"0":1,"1":1,"2":1,"3":7,"4":7,"5":7,"6":7,"7":7,"8":7,"9":7,"10":7,"11":7,"12":7,"13":7,"14":1,"15":1,"16":0,"17":0,"18":0,"19":0,"20":0,"21":0},"branchMap":{"0":{"type":"branch","line":4,"loc":{"start":{"line":4,"column":0},"end":{"line":14,"column":1}},"locations":[{"start":{"line":4,"column":0},"end":{"line":14,"column":1}}]},"1":{"type":"branch","line":5,"loc":{"start":{"line":5,"column":46},"end":{"line":10,"column":5}},"locations":[{"start":{"line":5,"column":46},"end":{"line":10,"column":5}}]},"2":{"type":"branch","line":11,"loc":{"start":{"line":11,"column":10},"end":{"line":13,"column":5}},"locations":[{"start":{"line":11,"column":10},"end":{"line":13,"column":5}}]}},"b":{"0":[7],"1":[7],"2":[7]},"fnMap":{"0":{"name":"up","decl":{"start":{"line":4,"column":0},"end":{"line":14,"column":1}},"loc":{"start":{"line":4,"column":0},"end":{"line":14,"column":1}},"line":4},"1":{"name":"down","decl":{"start":{"line":17,"column":0},"end":{"line":22,"column":1}},"loc":{"start":{"line":17,"column":0},"end":{"line":22,"column":1}},"line":17}},"f":{"0":7,"1":0}}
,"C:\\Users\\NEURI\\Desktop\\api-ProG\\src\\server\\database\\migrations\\0001_projeto.ts": {"path":"C:\\Users\\NEURI\\Desktop\\api-ProG\\src\\server\\database\\migrations\\0001_projeto.ts","all":false,"statementMap":{"0":{"start":{"line":1,"column":0},"end":{"line":1,"column":28}},"1":{"start":{"line":2,"column":0},"end":{"line":2,"column":0}},"2":{"start":{"line":3,"column":0},"end":{"line":3,"column":37}},"3":{"start":{"line":4,"column":0},"end":{"line":4,"column":55}},"4":{"start":{"line":5,"column":0},"end":{"line":5,"column":52}},"5":{"start":{"line":6,"column":0},"end":{"line":6,"column":64}},"6":{"start":{"line":7,"column":0},"end":{"line":7,"column":47}},"7":{"start":{"line":8,"column":0},"end":{"line":8,"column":34}},"8":{"start":{"line":9,"column":0},"end":{"line":9,"column":48}},"9":{"start":{"line":10,"column":0},"end":{"line":10,"column":13}},"10":{"start":{"line":11,"column":0},"end":{"line":11,"column":35}},"11":{"start":{"line":12,"column":0},"end":{"line":12,"column":20}},"12":{"start":{"line":13,"column":0},"end":{"line":13,"column":26}},"13":{"start":{"line":14,"column":0},"end":{"line":14,"column":29}},"14":{"start":{"line":15,"column":0},"end":{"line":15,"column":31}},"15":{"start":{"line":16,"column":0},"end":{"line":16,"column":32}},"16":{"start":{"line":17,"column":0},"end":{"line":17,"column":33}},"17":{"start":{"line":18,"column":0},"end":{"line":18,"column":6}},"18":{"start":{"line":19,"column":0},"end":{"line":19,"column":15}},"19":{"start":{"line":20,"column":0},"end":{"line":20,"column":47}},"20":{"start":{"line":21,"column":0},"end":{"line":21,"column":6}},"21":{"start":{"line":22,"column":0},"end":{"line":22,"column":1}},"22":{"start":{"line":23,"column":0},"end":{"line":23,"column":0}},"23":{"start":{"line":24,"column":0},"end":{"line":24,"column":39}},"24":{"start":{"line":25,"column":0},"end":{"line":25,"column":51}},"25":{"start":{"line":26,"column":0},"end":{"line":26,"column":15}},"26":{"start":{"line":27,"column":0},"end":{"line":27,"column":46}},"27":{"start":{"line":28,"column":0},"end":{"line":28,"column":6}},"28":{"start":{"line":29,"column":0},"end":{"line":29,"column":1}}},"s":{"0":1,"1":1,"2":7,"3":7,"4":7,"5":7,"6":7,"7":7,"8":7,"9":7,"10":7,"11":7,"12":7,"13":7,"14":7,"15":7,"16":7,"17":7,"18":7,"19":7,"20":7,"21":7,"22":1,"23":0,"24":0,"25":0,"26":0,"27":0,"28":0},"branchMap":{"0":{"type":"branch","line":3,"loc":{"start":{"line":3,"column":0},"end":{"line":22,"column":1}},"locations":[{"start":{"line":3,"column":0},"end":{"line":22,"column":1}}]},"1":{"type":"branch","line":4,"loc":{"start":{"line":4,"column":45},"end":{"line":18,"column":5}},"locations":[{"start":{"line":4,"column":45},"end":{"line":18,"column":5}}]},"2":{"type":"branch","line":19,"loc":{"start":{"line":19,"column":10},"end":{"line":21,"column":5}},"locations":[{"start":{"line":19,"column":10},"end":{"line":21,"column":5}}]}},"b":{"0":[7],"1":[7],"2":[7]},"fnMap":{"0":{"name":"up","decl":{"start":{"line":3,"column":0},"end":{"line":22,"column":1}},"loc":{"start":{"line":3,"column":0},"end":{"line":22,"column":1}},"line":3},"1":{"name":"down","decl":{"start":{"line":24,"column":0},"end":{"line":29,"column":1}},"loc":{"start":{"line":24,"column":0},"end":{"line":29,"column":1}},"line":24}},"f":{"0":7,"1":0}}
,"C:\\Users\\NEURI\\Desktop\\api-ProG\\src\\server\\database\\providers\\index.ts": {"path":"C:\\Users\\NEURI\\Desktop\\api-ProG\\src\\server\\database\\providers\\index.ts","all":false,"statementMap":{"0":{"start":{"line":1,"column":0},"end":{"line":1,"column":27}}},"s":{"0":1},"branchMap":{},"b":{},"fnMap":{},"f":{}}
,"C:\\Users\\NEURI\\Desktop\\api-ProG\\src\\server\\database\\providers\\projetos\\Create.ts": {"path":"C:\\Users\\NEURI\\Desktop\\api-ProG\\src\\server\\database\\providers\\projetos\\Create.ts","all":false,"statementMap":{"0":{"start":{"line":1,"column":0},"end":{"line":1,"column":34}},"1":{"start":{"line":2,"column":0},"end":{"line":2,"column":49}},"2":{"start":{"line":3,"column":0},"end":{"line":3,"column":0}},"3":{"start":{"line":4,"column":0},"end":{"line":4,"column":89}},"4":{"start":{"line":5,"column":0},"end":{"line":5,"column":9}},"5":{"start":{"line":6,"column":0},"end":{"line":6,"column":79}},"6":{"start":{"line":7,"column":0},"end":{"line":7,"column":0}},"7":{"start":{"line":8,"column":0},"end":{"line":8,"column":39}},"8":{"start":{"line":9,"column":0},"end":{"line":9,"column":29}},"9":{"start":{"line":10,"column":0},"end":{"line":10,"column":9}},"10":{"start":{"line":11,"column":0},"end":{"line":11,"column":0}},"11":{"start":{"line":12,"column":0},"end":{"line":12,"column":55}},"12":{"start":{"line":13,"column":0},"end":{"line":13,"column":21}},"13":{"start":{"line":14,"column":0},"end":{"line":14,"column":27}},"14":{"start":{"line":15,"column":0},"end":{"line":15,"column":55}},"15":{"start":{"line":16,"column":0},"end":{"line":16,"column":5}},"16":{"start":{"line":17,"column":0},"end":{"line":17,"column":1}}},"s":{"0":1,"1":1,"2":1,"3":1,"4":8,"5":8,"6":7,"7":7,"8":7,"9":7,"10":0,"11":0,"12":3,"13":1,"14":1,"15":1,"16":8},"branchMap":{"0":{"type":"branch","line":4,"loc":{"start":{"line":4,"column":22},"end":{"line":17,"column":1}},"locations":[{"start":{"line":4,"column":22},"end":{"line":17,"column":1}}]},"1":{"type":"branch","line":4,"loc":{"start":{"line":4,"column":87},"end":{"line":17,"column":1}},"locations":[{"start":{"line":4,"column":87},"end":{"line":17,"column":1}}]},"2":{"type":"branch","line":7,"loc":{"start":{"line":7,"column":-2},"end":{"line":10,"column":9}},"locations":[{"start":{"line":7,"column":-2},"end":{"line":10,"column":9}}]},"3":{"type":"branch","line":11,"loc":{"start":{"line":11,"column":-2},"end":{"line":16,"column":5}},"locations":[{"start":{"line":11,"column":-2},"end":{"line":16,"column":5}}]},"4":{"type":"branch","line":11,"loc":{"start":{"line":11,"column":-2},"end":{"line":13,"column":13}},"locations":[{"start":{"line":11,"column":-2},"end":{"line":13,"column":13}}]},"5":{"type":"branch","line":13,"loc":{"start":{"line":13,"column":6},"end":{"line":16,"column":5}},"locations":[{"start":{"line":13,"column":6},"end":{"line":16,"column":5}}]}},"b":{"0":[8],"1":[8],"2":[7],"3":[3],"4":[0],"5":[1]},"fnMap":{"0":{"name":"create","decl":{"start":{"line":4,"column":22},"end":{"line":17,"column":1}},"loc":{"start":{"line":4,"column":22},"end":{"line":17,"column":1}},"line":4}},"f":{"0":8}}
,"C:\\Users\\NEURI\\Desktop\\api-ProG\\src\\server\\database\\providers\\projetos\\DeleteById.ts": {"path":"C:\\Users\\NEURI\\Desktop\\api-ProG\\src\\server\\database\\providers\\projetos\\DeleteById.ts","all":false,"statementMap":{"0":{"start":{"line":1,"column":0},"end":{"line":1,"column":34}},"1":{"start":{"line":2,"column":0},"end":{"line":2,"column":0}},"2":{"start":{"line":3,"column":0},"end":{"line":3,"column":72}},"3":{"start":{"line":4,"column":0},"end":{"line":4,"column":9}},"4":{"start":{"line":5,"column":0},"end":{"line":5,"column":70}},"5":{"start":{"line":6,"column":0},"end":{"line":6,"column":0}},"6":{"start":{"line":7,"column":0},"end":{"line":7,"column":19}},"7":{"start":{"line":8,"column":0},"end":{"line":8,"column":19}},"8":{"start":{"line":9,"column":0},"end":{"line":9,"column":9}},"9":{"start":{"line":10,"column":0},"end":{"line":10,"column":0}},"10":{"start":{"line":11,"column":0},"end":{"line":11,"column":53}},"11":{"start":{"line":12,"column":0},"end":{"line":12,"column":21}},"12":{"start":{"line":13,"column":0},"end":{"line":13,"column":27}},"13":{"start":{"line":14,"column":0},"end":{"line":14,"column":53}},"14":{"start":{"line":15,"column":0},"end":{"line":15,"column":5}},"15":{"start":{"line":16,"column":0},"end":{"line":16,"column":1}}},"s":{"0":1,"1":1,"2":1,"3":2,"4":2,"5":2,"6":2,"7":1,"8":1,"9":1,"10":1,"11":2,"12":0,"13":0,"14":0,"15":2},"branchMap":{"0":{"type":"branch","line":3,"loc":{"start":{"line":3,"column":26},"end":{"line":16,"column":1}},"locations":[{"start":{"line":3,"column":26},"end":{"line":16,"column":1}}]},"1":{"type":"branch","line":3,"loc":{"start":{"line":3,"column":70},"end":{"line":16,"column":1}},"locations":[{"start":{"line":3,"column":70},"end":{"line":16,"column":1}}]},"2":{"type":"branch","line":7,"loc":{"start":{"line":7,"column":18},"end":{"line":12,"column":13}},"locations":[{"start":{"line":7,"column":18},"end":{"line":12,"column":13}}]},"3":{"type":"branch","line":12,"loc":{"start":{"line":12,"column":6},"end":{"line":15,"column":5}},"locations":[{"start":{"line":12,"column":6},"end":{"line":15,"column":5}}]}},"b":{"0":[2],"1":[2],"2":[1],"3":[0]},"fnMap":{"0":{"name":"deleteById","decl":{"start":{"line":3,"column":26},"end":{"line":16,"column":1}},"loc":{"start":{"line":3,"column":26},"end":{"line":16,"column":1}},"line":3}},"f":{"0":2}}
,"C:\\Users\\NEURI\\Desktop\\api-ProG\\src\\server\\database\\providers\\projetos\\GetAll.ts": {"path":"C:\\Users\\NEURI\\Desktop\\api-ProG\\src\\server\\database\\providers\\projetos\\GetAll.ts","all":false,"statementMap":{"0":{"start":{"line":1,"column":0},"end":{"line":1,"column":34}},"1":{"start":{"line":2,"column":0},"end":{"line":2,"column":49}},"2":{"start":{"line":3,"column":0},"end":{"line":3,"column":0}},"3":{"start":{"line":4,"column":0},"end":{"line":4,"column":88}},"4":{"start":{"line":5,"column":0},"end":{"line":5,"column":9}},"5":{"start":{"line":6,"column":0},"end":{"line":6,"column":55}},"6":{"start":{"line":7,"column":0},"end":{"line":7,"column":26}},"7":{"start":{"line":8,"column":0},"end":{"line":8,"column":42}},"8":{"start":{"line":9,"column":0},"end":{"line":9,"column":24}},"9":{"start":{"line":10,"column":0},"end":{"line":10,"column":49}},"10":{"start":{"line":11,"column":0},"end":{"line":11,"column":54}},"11":{"start":{"line":12,"column":0},"end":{"line":12,"column":53}},"12":{"start":{"line":13,"column":0},"end":{"line":13,"column":55}},"13":{"start":{"line":14,"column":0},"end":{"line":14,"column":32}},"14":{"start":{"line":15,"column":0},"end":{"line":15,"column":83}},"15":{"start":{"line":16,"column":0},"end":{"line":16,"column":14}},"16":{"start":{"line":17,"column":0},"end":{"line":17,"column":42}},"17":{"start":{"line":18,"column":0},"end":{"line":18,"column":24}},"18":{"start":{"line":19,"column":0},"end":{"line":19,"column":41}},"19":{"start":{"line":20,"column":0},"end":{"line":20,"column":148}},"20":{"start":{"line":21,"column":0},"end":{"line":21,"column":9}},"21":{"start":{"line":22,"column":0},"end":{"line":22,"column":0}},"22":{"start":{"line":23,"column":0},"end":{"line":23,"column":19}},"23":{"start":{"line":24,"column":0},"end":{"line":24,"column":26}},"24":{"start":{"line":25,"column":0},"end":{"line":25,"column":9}},"25":{"start":{"line":26,"column":0},"end":{"line":26,"column":0}},"26":{"start":{"line":27,"column":0},"end":{"line":27,"column":56}},"27":{"start":{"line":28,"column":0},"end":{"line":28,"column":21}},"28":{"start":{"line":29,"column":0},"end":{"line":29,"column":27}},"29":{"start":{"line":30,"column":0},"end":{"line":30,"column":56}},"30":{"start":{"line":31,"column":0},"end":{"line":31,"column":5}},"31":{"start":{"line":32,"column":0},"end":{"line":32,"column":1}}},"s":{"0":1,"1":1,"2":1,"3":1,"4":4,"5":4,"6":4,"7":4,"8":4,"9":4,"10":4,"11":4,"12":4,"13":4,"14":0,"15":0,"16":0,"17":0,"18":0,"19":0,"20":0,"21":4,"22":4,"23":4,"24":4,"25":0,"26":0,"27":0,"28":0,"29":0,"30":0,"31":4},"branchMap":{"0":{"type":"branch","line":4,"loc":{"start":{"line":4,"column":22},"end":{"line":32,"column":1}},"locations":[{"start":{"line":4,"column":22},"end":{"line":32,"column":1}}]},"1":{"type":"branch","line":4,"loc":{"start":{"line":4,"column":86},"end":{"line":32,"column":1}},"locations":[{"start":{"line":4,"column":86},"end":{"line":32,"column":1}}]},"2":{"type":"branch","line":14,"loc":{"start":{"line":14,"column":9},"end":{"line":21,"column":9}},"locations":[{"start":{"line":14,"column":9},"end":{"line":21,"column":9}}]},"3":{"type":"branch","line":26,"loc":{"start":{"line":26,"column":-2},"end":{"line":31,"column":5}},"locations":[{"start":{"line":26,"column":-2},"end":{"line":31,"column":5}}]}},"b":{"0":[4],"1":[4],"2":[0],"3":[0]},"fnMap":{"0":{"name":"getAll","decl":{"start":{"line":4,"column":22},"end":{"line":32,"column":1}},"loc":{"start":{"line":4,"column":22},"end":{"line":32,"column":1}},"line":4}},"f":{"0":4}}
,"C:\\Users\\NEURI\\Desktop\\api-ProG\\src\\server\\database\\providers\\projetos\\GetById.ts": {"path":"C:\\Users\\NEURI\\Desktop\\api-ProG\\src\\server\\database\\providers\\projetos\\GetById.ts","all":false,"statementMap":{"0":{"start":{"line":1,"column":0},"end":{"line":1,"column":34}},"1":{"start":{"line":2,"column":0},"end":{"line":2,"column":40}},"2":{"start":{"line":3,"column":0},"end":{"line":3,"column":0}},"3":{"start":{"line":4,"column":0},"end":{"line":4,"column":73}},"4":{"start":{"line":5,"column":0},"end":{"line":5,"column":9}},"5":{"start":{"line":6,"column":0},"end":{"line":6,"column":84}},"6":{"start":{"line":7,"column":0},"end":{"line":7,"column":0}},"7":{"start":{"line":8,"column":0},"end":{"line":8,"column":19}},"8":{"start":{"line":9,"column":0},"end":{"line":9,"column":26}},"9":{"start":{"line":10,"column":0},"end":{"line":10,"column":9}},"10":{"start":{"line":11,"column":0},"end":{"line":11,"column":0}},"11":{"start":{"line":12,"column":0},"end":{"line":12,"column":55}},"12":{"start":{"line":13,"column":0},"end":{"line":13,"column":21}},"13":{"start":{"line":14,"column":0},"end":{"line":14,"column":27}},"14":{"start":{"line":15,"column":0},"end":{"line":15,"column":55}},"15":{"start":{"line":16,"column":0},"end":{"line":16,"column":5}},"16":{"start":{"line":17,"column":0},"end":{"line":17,"column":1}}},"s":{"0":1,"1":1,"2":1,"3":1,"4":5,"5":5,"6":5,"7":5,"8":3,"9":3,"10":2,"11":2,"12":5,"13":0,"14":0,"15":0,"16":5},"branchMap":{"0":{"type":"branch","line":4,"loc":{"start":{"line":4,"column":23},"end":{"line":17,"column":1}},"locations":[{"start":{"line":4,"column":23},"end":{"line":17,"column":1}}]},"1":{"type":"branch","line":4,"loc":{"start":{"line":4,"column":71},"end":{"line":17,"column":1}},"locations":[{"start":{"line":4,"column":71},"end":{"line":17,"column":1}}]},"2":{"type":"branch","line":8,"loc":{"start":{"line":8,"column":18},"end":{"line":13,"column":13}},"locations":[{"start":{"line":8,"column":18},"end":{"line":13,"column":13}}]},"3":{"type":"branch","line":8,"loc":{"start":{"line":8,"column":18},"end":{"line":10,"column":9}},"locations":[{"start":{"line":8,"column":18},"end":{"line":10,"column":9}}]},"4":{"type":"branch","line":11,"loc":{"start":{"line":11,"column":-2},"end":{"line":13,"column":13}},"locations":[{"start":{"line":11,"column":-2},"end":{"line":13,"column":13}}]},"5":{"type":"branch","line":13,"loc":{"start":{"line":13,"column":6},"end":{"line":16,"column":5}},"locations":[{"start":{"line":13,"column":6},"end":{"line":16,"column":5}}]}},"b":{"0":[5],"1":[5],"2":[4],"3":[3],"4":[2],"5":[0]},"fnMap":{"0":{"name":"getById","decl":{"start":{"line":4,"column":23},"end":{"line":17,"column":1}},"loc":{"start":{"line":4,"column":23},"end":{"line":17,"column":1}},"line":4}},"f":{"0":5}}
,"C:\\Users\\NEURI\\Desktop\\api-ProG\\src\\server\\database\\providers\\projetos\\UpdateById.ts": {"path":"C:\\Users\\NEURI\\Desktop\\api-ProG\\src\\server\\database\\providers\\projetos\\UpdateById.ts","all":false,"statementMap":{"0":{"start":{"line":1,"column":0},"end":{"line":1,"column":34}},"1":{"start":{"line":2,"column":0},"end":{"line":2,"column":49}},"2":{"start":{"line":3,"column":0},"end":{"line":3,"column":0}},"3":{"start":{"line":4,"column":0},"end":{"line":4,"column":103}},"4":{"start":{"line":5,"column":0},"end":{"line":5,"column":9}},"5":{"start":{"line":6,"column":0},"end":{"line":6,"column":80}},"6":{"start":{"line":7,"column":0},"end":{"line":7,"column":0}},"7":{"start":{"line":8,"column":0},"end":{"line":8,"column":19}},"8":{"start":{"line":9,"column":0},"end":{"line":9,"column":19}},"9":{"start":{"line":10,"column":0},"end":{"line":10,"column":9}},"10":{"start":{"line":11,"column":0},"end":{"line":11,"column":0}},"11":{"start":{"line":12,"column":0},"end":{"line":12,"column":53}},"12":{"start":{"line":13,"column":0},"end":{"line":13,"column":21}},"13":{"start":{"line":14,"column":0},"end":{"line":14,"column":27}},"14":{"start":{"line":15,"column":0},"end":{"line":15,"column":53}},"15":{"start":{"line":16,"column":0},"end":{"line":16,"column":5}},"16":{"start":{"line":17,"column":0},"end":{"line":17,"column":1}}},"s":{"0":1,"1":1,"2":1,"3":1,"4":3,"5":3,"6":3,"7":3,"8":2,"9":2,"10":1,"11":1,"12":3,"13":0,"14":0,"15":0,"16":3},"branchMap":{"0":{"type":"branch","line":4,"loc":{"start":{"line":4,"column":26},"end":{"line":17,"column":1}},"locations":[{"start":{"line":4,"column":26},"end":{"line":17,"column":1}}]},"1":{"type":"branch","line":4,"loc":{"start":{"line":4,"column":101},"end":{"line":17,"column":1}},"locations":[{"start":{"line":4,"column":101},"end":{"line":17,"column":1}}]},"2":{"type":"branch","line":8,"loc":{"start":{"line":8,"column":18},"end":{"line":10,"column":9}},"locations":[{"start":{"line":8,"column":18},"end":{"line":10,"column":9}}]},"3":{"type":"branch","line":11,"loc":{"start":{"line":11,"column":-2},"end":{"line":13,"column":13}},"locations":[{"start":{"line":11,"column":-2},"end":{"line":13,"column":13}}]},"4":{"type":"branch","line":13,"loc":{"start":{"line":13,"column":6},"end":{"line":16,"column":5}},"locations":[{"start":{"line":13,"column":6},"end":{"line":16,"column":5}}]}},"b":{"0":[3],"1":[3],"2":[2],"3":[1],"4":[0]},"fnMap":{"0":{"name":"updateById","decl":{"start":{"line":4,"column":26},"end":{"line":17,"column":1}},"loc":{"start":{"line":4,"column":26},"end":{"line":17,"column":1}},"line":4}},"f":{"0":3}}
,"C:\\Users\\NEURI\\Desktop\\api-ProG\\src\\server\\database\\providers\\projetos\\index.ts": {"path":"C:\\Users\\NEURI\\Desktop\\api-ProG\\src\\server\\database\\providers\\projetos\\index.ts","all":false,"statementMap":{"0":{"start":{"line":1,"column":0},"end":{"line":1,"column":35}},"1":{"start":{"line":2,"column":0},"end":{"line":2,"column":37}},"2":{"start":{"line":3,"column":0},"end":{"line":3,"column":35}},"3":{"start":{"line":4,"column":0},"end":{"line":4,"column":43}},"4":{"start":{"line":5,"column":0},"end":{"line":5,"column":43}},"5":{"start":{"line":6,"column":0},"end":{"line":6,"column":0}},"6":{"start":{"line":7,"column":0},"end":{"line":7,"column":33}},"7":{"start":{"line":8,"column":0},"end":{"line":8,"column":14}},"8":{"start":{"line":9,"column":0},"end":{"line":9,"column":15}},"9":{"start":{"line":10,"column":0},"end":{"line":10,"column":14}},"10":{"start":{"line":11,"column":0},"end":{"line":11,"column":18}},"11":{"start":{"line":12,"column":0},"end":{"line":12,"column":17}},"12":{"start":{"line":13,"column":0},"end":{"line":13,"column":1}}},"s":{"0":1,"1":1,"2":1,"3":1,"4":1,"5":1,"6":1,"7":1,"8":1,"9":1,"10":1,"11":1,"12":1},"branchMap":{},"b":{},"fnMap":{},"f":{}}
,"C:\\Users\\NEURI\\Desktop\\api-ProG\\src\\server\\database\\providers\\usuarios\\SignIn.ts": {"path":"C:\\Users\\NEURI\\Desktop\\api-ProG\\src\\server\\database\\providers\\usuarios\\SignIn.ts","all":false,"statementMap":{"0":{"start":{"line":1,"column":0},"end":{"line":1,"column":33}},"1":{"start":{"line":2,"column":0},"end":{"line":2,"column":49}},"2":{"start":{"line":3,"column":0},"end":{"line":3,"column":0}},"3":{"start":{"line":4,"column":0},"end":{"line":4,"column":75}},"4":{"start":{"line":5,"column":0},"end":{"line":5,"column":9}},"5":{"start":{"line":6,"column":0},"end":{"line":6,"column":92}},"6":{"start":{"line":7,"column":0},"end":{"line":7,"column":0}},"7":{"start":{"line":8,"column":0},"end":{"line":8,"column":65}},"8":{"start":{"line":9,"column":0},"end":{"line":9,"column":0}},"9":{"start":{"line":10,"column":0},"end":{"line":10,"column":22}},"10":{"start":{"line":11,"column":0},"end":{"line":11,"column":21}},"11":{"start":{"line":12,"column":0},"end":{"line":12,"column":27}},"12":{"start":{"line":13,"column":0},"end":{"line":13,"column":53}},"13":{"start":{"line":14,"column":0},"end":{"line":14,"column":5}},"14":{"start":{"line":15,"column":0},"end":{"line":15,"column":1}}},"s":{"0":1,"1":1,"2":1,"3":1,"4":9,"5":9,"6":9,"7":9,"8":8,"9":8,"10":9,"11":0,"12":0,"13":0,"14":9},"branchMap":{"0":{"type":"branch","line":4,"loc":{"start":{"line":4,"column":22},"end":{"line":15,"column":1}},"locations":[{"start":{"line":4,"column":22},"end":{"line":15,"column":1}}]},"1":{"type":"branch","line":4,"loc":{"start":{"line":4,"column":73},"end":{"line":15,"column":1}},"locations":[{"start":{"line":4,"column":73},"end":{"line":15,"column":1}}]},"2":{"type":"branch","line":8,"loc":{"start":{"line":8,"column":20},"end":{"line":8,"column":65}},"locations":[{"start":{"line":8,"column":20},"end":{"line":8,"column":65}}]},"3":{"type":"branch","line":9,"loc":{"start":{"line":9,"column":-2},"end":{"line":11,"column":13}},"locations":[{"start":{"line":9,"column":-2},"end":{"line":11,"column":13}}]},"4":{"type":"branch","line":11,"loc":{"start":{"line":11,"column":6},"end":{"line":14,"column":5}},"locations":[{"start":{"line":11,"column":6},"end":{"line":14,"column":5}}]}},"b":{"0":[9],"1":[9],"2":[1],"3":[8],"4":[0]},"fnMap":{"0":{"name":"signIn","decl":{"start":{"line":4,"column":22},"end":{"line":15,"column":1}},"loc":{"start":{"line":4,"column":22},"end":{"line":15,"column":1}},"line":4}},"f":{"0":9}}
,"C:\\Users\\NEURI\\Desktop\\api-ProG\\src\\server\\database\\providers\\usuarios\\SignUp.ts": {"path":"C:\\Users\\NEURI\\Desktop\\api-ProG\\src\\server\\database\\providers\\usuarios\\SignUp.ts","all":false,"statementMap":{"0":{"start":{"line":1,"column":0},"end":{"line":1,"column":34}},"1":{"start":{"line":2,"column":0},"end":{"line":2,"column":51}},"2":{"start":{"line":3,"column":0},"end":{"line":3,"column":0}},"3":{"start":{"line":4,"column":0},"end":{"line":4,"column":89}},"4":{"start":{"line":5,"column":0},"end":{"line":5,"column":9}},"5":{"start":{"line":6,"column":0},"end":{"line":6,"column":79}},"6":{"start":{"line":7,"column":0},"end":{"line":7,"column":0}},"7":{"start":{"line":8,"column":0},"end":{"line":8,"column":39}},"8":{"start":{"line":9,"column":0},"end":{"line":9,"column":29}},"9":{"start":{"line":10,"column":0},"end":{"line":10,"column":45}},"10":{"start":{"line":11,"column":0},"end":{"line":11,"column":26}},"11":{"start":{"line":12,"column":0},"end":{"line":12,"column":9}},"12":{"start":{"line":13,"column":0},"end":{"line":13,"column":0}},"13":{"start":{"line":14,"column":0},"end":{"line":14,"column":55}},"14":{"start":{"line":15,"column":0},"end":{"line":15,"column":21}},"15":{"start":{"line":16,"column":0},"end":{"line":16,"column":27}},"16":{"start":{"line":17,"column":0},"end":{"line":17,"column":55}},"17":{"start":{"line":18,"column":0},"end":{"line":18,"column":5}},"18":{"start":{"line":19,"column":0},"end":{"line":19,"column":1}}},"s":{"0":1,"1":1,"2":1,"3":1,"4":7,"5":7,"6":7,"7":7,"8":7,"9":7,"10":0,"11":0,"12":0,"13":0,"14":0,"15":0,"16":0,"17":0,"18":7},"branchMap":{"0":{"type":"branch","line":4,"loc":{"start":{"line":4,"column":22},"end":{"line":19,"column":1}},"locations":[{"start":{"line":4,"column":22},"end":{"line":19,"column":1}}]},"1":{"type":"branch","line":4,"loc":{"start":{"line":4,"column":87},"end":{"line":19,"column":1}},"locations":[{"start":{"line":4,"column":87},"end":{"line":19,"column":1}}]},"2":{"type":"branch","line":10,"loc":{"start":{"line":10,"column":9},"end":{"line":18,"column":5}},"locations":[{"start":{"line":10,"column":9},"end":{"line":18,"column":5}}]}},"b":{"0":[7],"1":[7],"2":[0]},"fnMap":{"0":{"name":"signUp","decl":{"start":{"line":4,"column":22},"end":{"line":19,"column":1}},"loc":{"start":{"line":4,"column":22},"end":{"line":19,"column":1}},"line":4}},"f":{"0":7}}
,"C:\\Users\\NEURI\\Desktop\\api-ProG\\src\\server\\database\\providers\\usuarios\\index.ts": {"path":"C:\\Users\\NEURI\\Desktop\\api-ProG\\src\\server\\database\\providers\\usuarios\\index.ts","all":false,"statementMap":{"0":{"start":{"line":1,"column":0},"end":{"line":1,"column":35}},"1":{"start":{"line":2,"column":0},"end":{"line":2,"column":35}},"2":{"start":{"line":3,"column":0},"end":{"line":3,"column":0}},"3":{"start":{"line":4,"column":0},"end":{"line":4,"column":33}},"4":{"start":{"line":5,"column":0},"end":{"line":5,"column":14}},"5":{"start":{"line":6,"column":0},"end":{"line":6,"column":13}},"6":{"start":{"line":7,"column":0},"end":{"line":7,"column":1}}},"s":{"0":1,"1":1,"2":1,"3":1,"4":1,"5":1,"6":1},"branchMap":{},"b":{},"fnMap":{},"f":{}}
,"C:\\Users\\NEURI\\Desktop\\api-ProG\\src\\server\\routes\\index.ts": {"path":"C:\\Users\\NEURI\\Desktop\\api-ProG\\src\\server\\routes\\index.ts","all":false,"statementMap":{"0":{"start":{"line":1,"column":0},"end":{"line":1,"column":33}},"1":{"start":{"line":2,"column":0},"end":{"line":2,"column":72}},"2":{"start":{"line":3,"column":0},"end":{"line":3,"column":79}},"3":{"start":{"line":4,"column":0},"end":{"line":4,"column":0}},"4":{"start":{"line":5,"column":0},"end":{"line":5,"column":24}},"5":{"start":{"line":6,"column":0},"end":{"line":6,"column":0}},"6":{"start":{"line":7,"column":0},"end":{"line":7,"column":0}},"7":{"start":{"line":8,"column":0},"end":{"line":8,"column":53}},"8":{"start":{"line":9,"column":0},"end":{"line":9,"column":50}},"9":{"start":{"line":10,"column":0},"end":{"line":10,"column":0}},"10":{"start":{"line":11,"column":0},"end":{"line":11,"column":52}},"11":{"start":{"line":12,"column":0},"end":{"line":12,"column":56}},"12":{"start":{"line":13,"column":0},"end":{"line":13,"column":51}},"13":{"start":{"line":14,"column":0},"end":{"line":14,"column":59}},"14":{"start":{"line":15,"column":0},"end":{"line":15,"column":62}},"15":{"start":{"line":16,"column":0},"end":{"line":16,"column":0}},"16":{"start":{"line":17,"column":0},"end":{"line":17,"column":16}}},"s":{"0":1,"1":1,"2":1,"3":1,"4":1,"5":1,"6":1,"7":1,"8":1,"9":1,"10":1,"11":1,"12":1,"13":1,"14":1,"15":1,"16":1},"branchMap":{},"b":{},"fnMap":{},"f":{}}
,"C:\\Users\\NEURI\\Desktop\\api-ProG\\src\\server\\shared\\middleware\\EnsureAuthenticated.ts": {"path":"C:\\Users\\NEURI\\Desktop\\api-ProG\\src\\server\\shared\\middleware\\EnsureAuthenticated.ts","all":false,"statementMap":{"0":{"start":{"line":1,"column":0},"end":{"line":1,"column":48}},"1":{"start":{"line":2,"column":0},"end":{"line":2,"column":0}},"2":{"start":{"line":3,"column":0},"end":{"line":3,"column":0}},"3":{"start":{"line":4,"column":0},"end":{"line":4,"column":89}},"4":{"start":{"line":5,"column":0},"end":{"line":5,"column":59}},"5":{"start":{"line":6,"column":0},"end":{"line":6,"column":0}},"6":{"start":{"line":7,"column":0},"end":{"line":7,"column":51}},"7":{"start":{"line":8,"column":0},"end":{"line":8,"column":0}},"8":{"start":{"line":9,"column":0},"end":{"line":9,"column":26}},"9":{"start":{"line":10,"column":0},"end":{"line":10,"column":44}},"10":{"start":{"line":11,"column":0},"end":{"line":11,"column":5}},"11":{"start":{"line":12,"column":0},"end":{"line":12,"column":0}},"12":{"start":{"line":13,"column":0},"end":{"line":13,"column":34}},"13":{"start":{"line":14,"column":0},"end":{"line":14,"column":0}},"14":{"start":{"line":15,"column":0},"end":{"line":15,"column":36}},"15":{"start":{"line":16,"column":0},"end":{"line":16,"column":41}},"16":{"start":{"line":17,"column":0},"end":{"line":17,"column":48}},"17":{"start":{"line":18,"column":0},"end":{"line":18,"column":9}},"18":{"start":{"line":19,"column":0},"end":{"line":19,"column":0}},"19":{"start":{"line":20,"column":0},"end":{"line":20,"column":33}},"20":{"start":{"line":21,"column":0},"end":{"line":21,"column":5}},"21":{"start":{"line":22,"column":0},"end":{"line":22,"column":4}},"22":{"start":{"line":23,"column":0},"end":{"line":23,"column":11}},"23":{"start":{"line":24,"column":0},"end":{"line":24,"column":1}}},"s":{"0":1,"1":1,"2":1,"3":1,"4":35,"5":34,"6":34,"7":34,"8":35,"9":0,"10":0,"11":34,"12":34,"13":34,"14":35,"15":0,"16":0,"17":0,"18":0,"19":0,"20":0,"21":34,"22":34,"23":34},"branchMap":{"0":{"type":"branch","line":4,"loc":{"start":{"line":4,"column":35},"end":{"line":24,"column":1}},"locations":[{"start":{"line":4,"column":35},"end":{"line":24,"column":1}}]},"1":{"type":"branch","line":4,"loc":{"start":{"line":4,"column":87},"end":{"line":24,"column":1}},"locations":[{"start":{"line":4,"column":87},"end":{"line":24,"column":1}}]},"2":{"type":"branch","line":5,"loc":{"start":{"line":5,"column":23},"end":{"line":5,"column":59}},"locations":[{"start":{"line":5,"column":23},"end":{"line":5,"column":59}}]},"3":{"type":"branch","line":6,"loc":{"start":{"line":6,"column":-2},"end":{"line":9,"column":25}},"locations":[{"start":{"line":6,"column":-2},"end":{"line":9,"column":25}}]},"4":{"type":"branch","line":9,"loc":{"start":{"line":9,"column":25},"end":{"line":11,"column":5}},"locations":[{"start":{"line":9,"column":25},"end":{"line":11,"column":5}}]},"5":{"type":"branch","line":12,"loc":{"start":{"line":12,"column":-2},"end":{"line":15,"column":35}},"locations":[{"start":{"line":12,"column":-2},"end":{"line":15,"column":35}}]},"6":{"type":"branch","line":15,"loc":{"start":{"line":15,"column":35},"end":{"line":21,"column":5}},"locations":[{"start":{"line":15,"column":35},"end":{"line":21,"column":5}}]},"7":{"type":"branch","line":22,"loc":{"start":{"line":22,"column":-2},"end":{"line":24,"column":1}},"locations":[{"start":{"line":22,"column":-2},"end":{"line":24,"column":1}}]}},"b":{"0":[35],"1":[35],"2":[1],"3":[34],"4":[0],"5":[34],"6":[0],"7":[34]},"fnMap":{"0":{"name":"ensureAuthenticated","decl":{"start":{"line":4,"column":35},"end":{"line":24,"column":1}},"loc":{"start":{"line":4,"column":35},"end":{"line":24,"column":1}},"line":4}},"f":{"0":35}}
,"C:\\Users\\NEURI\\Desktop\\api-ProG\\src\\server\\shared\\services\\JWTService.ts": {"path":"C:\\Users\\NEURI\\Desktop\\api-ProG\\src\\server\\shared\\services\\JWTService.ts","all":false,"statementMap":{"0":{"start":{"line":1,"column":0},"end":{"line":1,"column":36}},"1":{"start":{"line":2,"column":0},"end":{"line":2,"column":0}},"2":{"start":{"line":3,"column":0},"end":{"line":3,"column":20}},"3":{"start":{"line":4,"column":0},"end":{"line":4,"column":16}},"4":{"start":{"line":5,"column":0},"end":{"line":5,"column":1}},"5":{"start":{"line":6,"column":0},"end":{"line":6,"column":0}},"6":{"start":{"line":7,"column":0},"end":{"line":7,"column":41}},"7":{"start":{"line":8,"column":0},"end":{"line":8,"column":62}},"8":{"start":{"line":9,"column":0},"end":{"line":9,"column":0}},"9":{"start":{"line":10,"column":0},"end":{"line":10,"column":70}},"10":{"start":{"line":11,"column":0},"end":{"line":11,"column":1}},"11":{"start":{"line":12,"column":0},"end":{"line":12,"column":0}},"12":{"start":{"line":13,"column":0},"end":{"line":13,"column":118}},"13":{"start":{"line":14,"column":0},"end":{"line":14,"column":62}},"14":{"start":{"line":15,"column":0},"end":{"line":15,"column":0}},"15":{"start":{"line":16,"column":0},"end":{"line":16,"column":9}},"16":{"start":{"line":17,"column":0},"end":{"line":17,"column":66}},"17":{"start":{"line":18,"column":0},"end":{"line":18,"column":63}},"18":{"start":{"line":19,"column":0},"end":{"line":19,"column":0}},"19":{"start":{"line":20,"column":0},"end":{"line":20,"column":35}},"20":{"start":{"line":21,"column":0},"end":{"line":21,"column":8}},"21":{"start":{"line":22,"column":0},"end":{"line":22,"column":21}},"22":{"start":{"line":23,"column":0},"end":{"line":23,"column":36}},"23":{"start":{"line":24,"column":0},"end":{"line":24,"column":5}},"24":{"start":{"line":25,"column":0},"end":{"line":25,"column":1}}},"s":{"0":1,"1":1,"2":1,"3":1,"4":1,"5":1,"6":1,"7":7,"8":7,"9":7,"10":7,"11":1,"12":1,"13":34,"14":34,"15":34,"16":34,"17":34,"18":34,"19":34,"20":34,"21":34,"22":0,"23":0,"24":34},"branchMap":{"0":{"type":"branch","line":7,"loc":{"start":{"line":7,"column":20},"end":{"line":11,"column":1}},"locations":[{"start":{"line":7,"column":20},"end":{"line":11,"column":1}}]},"1":{"type":"branch","line":8,"loc":{"start":{"line":8,"column":32},"end":{"line":8,"column":62}},"locations":[{"start":{"line":8,"column":32},"end":{"line":8,"column":62}}]},"2":{"type":"branch","line":13,"loc":{"start":{"line":13,"column":22},"end":{"line":25,"column":1}},"locations":[{"start":{"line":13,"column":22},"end":{"line":25,"column":1}}]},"3":{"type":"branch","line":14,"loc":{"start":{"line":14,"column":32},"end":{"line":14,"column":62}},"locations":[{"start":{"line":14,"column":32},"end":{"line":14,"column":62}}]},"4":{"type":"branch","line":18,"loc":{"start":{"line":18,"column":40},"end":{"line":18,"column":63}},"locations":[{"start":{"line":18,"column":40},"end":{"line":18,"column":63}}]},"5":{"type":"branch","line":22,"loc":{"start":{"line":22,"column":6},"end":{"line":24,"column":5}},"locations":[{"start":{"line":22,"column":6},"end":{"line":24,"column":5}}]}},"b":{"0":[7],"1":[0],"2":[34],"3":[0],"4":[0],"5":[0]},"fnMap":{"0":{"name":"sign","decl":{"start":{"line":7,"column":20},"end":{"line":11,"column":1}},"loc":{"start":{"line":7,"column":20},"end":{"line":11,"column":1}},"line":7},"1":{"name":"verify","decl":{"start":{"line":13,"column":22},"end":{"line":25,"column":1}},"loc":{"start":{"line":13,"column":22},"end":{"line":25,"column":1}},"line":13}},"f":{"0":7,"1":34}}
,"C:\\Users\\NEURI\\Desktop\\api-ProG\\src\\server\\shared\\services\\PasswordCrypto.ts": {"path":"C:\\Users\\NEURI\\Desktop\\api-ProG\\src\\server\\shared\\services\\PasswordCrypto.ts","all":false,"statementMap":{"0":{"start":{"line":1,"column":0},"end":{"line":1,"column":49}},"1":{"start":{"line":2,"column":0},"end":{"line":2,"column":0}},"2":{"start":{"line":3,"column":0},"end":{"line":3,"column":23}},"3":{"start":{"line":4,"column":0},"end":{"line":4,"column":0}},"4":{"start":{"line":5,"column":0},"end":{"line":5,"column":57}},"5":{"start":{"line":6,"column":0},"end":{"line":6,"column":54}},"6":{"start":{"line":7,"column":0},"end":{"line":7,"column":0}},"7":{"start":{"line":8,"column":0},"end":{"line":8,"column":47}},"8":{"start":{"line":9,"column":0},"end":{"line":9,"column":1}},"9":{"start":{"line":10,"column":0},"end":{"line":10,"column":0}},"10":{"start":{"line":11,"column":0},"end":{"line":11,"column":83}},"11":{"start":{"line":12,"column":0},"end":{"line":12,"column":51}},"12":{"start":{"line":13,"column":0},"end":{"line":13,"column":1}}},"s":{"0":1,"1":1,"2":1,"3":1,"4":1,"5":7,"6":7,"7":7,"8":7,"9":1,"10":1,"11":8,"12":8},"branchMap":{"0":{"type":"branch","line":5,"loc":{"start":{"line":5,"column":28},"end":{"line":9,"column":1}},"locations":[{"start":{"line":5,"column":28},"end":{"line":9,"column":1}}]},"1":{"type":"branch","line":5,"loc":{"start":{"line":5,"column":55},"end":{"line":9,"column":1}},"locations":[{"start":{"line":5,"column":55},"end":{"line":9,"column":1}}]},"2":{"type":"branch","line":11,"loc":{"start":{"line":11,"column":30},"end":{"line":13,"column":1}},"locations":[{"start":{"line":11,"column":30},"end":{"line":13,"column":1}}]},"3":{"type":"branch","line":11,"loc":{"start":{"line":11,"column":81},"end":{"line":13,"column":1}},"locations":[{"start":{"line":11,"column":81},"end":{"line":13,"column":1}}]}},"b":{"0":[7],"1":[7],"2":[8],"3":[8]},"fnMap":{"0":{"name":"hashPassword","decl":{"start":{"line":5,"column":28},"end":{"line":9,"column":1}},"loc":{"start":{"line":5,"column":28},"end":{"line":9,"column":1}},"line":5},"1":{"name":"verifyPassword","decl":{"start":{"line":11,"column":30},"end":{"line":13,"column":1}},"loc":{"start":{"line":11,"column":30},"end":{"line":13,"column":1}},"line":11}},"f":{"0":7,"1":8}}
}
